"../../../../../../Users/Matsufubu/Documents/Unreal Projects/SideTest/Content/2dSideScroller/Textures/2DBackgroundTile.uasset" 0
"../../../../../../Users/Matsufubu/Documents/Unreal Projects/SideTest/Content/2DSideScroller/Materials/PrototypingSpriteMaterial.uasset" 1
"../../../../../../Users/Matsufubu/Documents/Unreal Projects/SideTest/Content/2DSideScroller/Sprites/PrototypingSprite.uasset" 2
"../../../../../../Users/Matsufubu/Documents/Unreal Projects/SideTest/Content/Source/Character.uasset" 3
"../../../../../../Users/Matsufubu/Documents/Unreal Projects/SideTest/Content/Source/Tiles.uasset" 4
"../../../../../../Users/Matsufubu/Documents/Unreal Projects/SideTest/Content/Source/T_Dot.uasset" 5
"../../../../../../Users/Matsufubu/Documents/Unreal Projects/SideTest/Content/Source/T_Flame.uasset" 6
"../../../../../../Users/Matsufubu/Documents/Unreal Projects/SideTest/Content/Source/T_Shot_00.uasset" 7
"../../../../../../Users/Matsufubu/Documents/Unreal Projects/SideTest/Content/Source/T_Shot_01.uasset" 8
"../../../../../../Users/Matsufubu/Documents/Unreal Projects/SideTest/Content/Source/T_Sparkle.uasset" 9
"../../../../../../Users/Matsufubu/Documents/Unreal Projects/SideTest/Content/Source/T_Square.uasset" 10
"../../../../../../Users/Matsufubu/Documents/Unreal Projects/SideTest/Content/StarterContent/Materials/M_Basic_Wall.uasset" 11
"../../../../../../Users/Matsufubu/Documents/Unreal Projects/SideTest/Content/StarterContent/Architecture/Pillar_50x500.uasset" 12
"../../../../../../Users/Matsufubu/Documents/Unreal Projects/SideTest/Content/StarterContent/Architecture/Wall_400x300.uasset" 13
"../../../../../../Users/Matsufubu/Documents/Unreal Projects/SideTest/Content/StarterContent/Architecture/Wall_400x400.uasset" 14
"../../../../../../Users/Matsufubu/Documents/Unreal Projects/SideTest/Content/StarterContent/Architecture/Wall_500x500.uasset" 15
"../../../../../../Users/Matsufubu/Documents/Unreal Projects/SideTest/Content/StarterContent/Architecture/Wall_Door_400x400.uasset" 16
"../../../../../../Users/Matsufubu/Documents/Unreal Projects/SideTest/Content/StarterContent/Architecture/Wall_Window_400x400.uasset" 17
"../../../../../../Users/Matsufubu/Documents/Unreal Projects/SideTest/Content/StarterContent/Audio/Collapse01.uasset" 18
"../../../../../../Users/Matsufubu/Documents/Unreal Projects/SideTest/Content/StarterContent/Audio/Collapse02.uasset" 19
"../../../../../../Users/Matsufubu/Documents/Unreal Projects/SideTest/Content/StarterContent/Audio/Explosion01.uasset" 20
"../../../../../../Users/Matsufubu/Documents/Unreal Projects/SideTest/Content/StarterContent/Audio/Explosion02.uasset" 21
"../../../../../../Users/Matsufubu/Documents/Unreal Projects/SideTest/Content/StarterContent/Audio/Fire01.uasset" 22
"../../../../../../Users/Matsufubu/Documents/Unreal Projects/SideTest/Content/StarterContent/Audio/Fire_Sparks01.uasset" 23
"../../../../../../Users/Matsufubu/Documents/Unreal Projects/SideTest/Content/StarterContent/Audio/Light01.uasset" 24
"../../../../../../Users/Matsufubu/Documents/Unreal Projects/SideTest/Content/StarterContent/Audio/Light01_Cue.uasset" 25
"../../../../../../Users/Matsufubu/Documents/Unreal Projects/SideTest/Content/StarterContent/Audio/Light02.uasset" 26
"../../../../../../Users/Matsufubu/Documents/Unreal Projects/SideTest/Content/StarterContent/Audio/Light02_Cue.uasset" 27
"../../../../../../Users/Matsufubu/Documents/Unreal Projects/SideTest/Content/StarterContent/Audio/Smoke01.uasset" 28
"../../../../../../Users/Matsufubu/Documents/Unreal Projects/SideTest/Content/StarterContent/Audio/Starter_Birds01.uasset" 29
"../../../../../../Users/Matsufubu/Documents/Unreal Projects/SideTest/Content/StarterContent/Audio/Starter_Music01.uasset" 30
"../../../../../../Users/Matsufubu/Documents/Unreal Projects/SideTest/Content/StarterContent/Audio/Starter_Wind05.uasset" 31
"../../../../../../Users/Matsufubu/Documents/Unreal Projects/SideTest/Content/StarterContent/Audio/Starter_Wind06.uasset" 32
"../../../../../../Users/Matsufubu/Documents/Unreal Projects/SideTest/Content/StarterContent/Audio/Steam01.uasset" 33
"../../../../../../Users/Matsufubu/Documents/Unreal Projects/SideTest/Content/StarterContent/Audio/Explosion_Cue.uasset" 34
"../../../../../../Users/Matsufubu/Documents/Unreal Projects/SideTest/Content/StarterContent/Textures/T_Burst_M.uasset" 35
"../../../../../../Users/Matsufubu/Documents/Unreal Projects/SideTest/Content/StarterContent/Particles/Materials/M_Burst.uasset" 36
"../../../../../../Users/Matsufubu/Documents/Unreal Projects/SideTest/Content/StarterContent/Textures/T_Explosion_SubUV.uasset" 37
"../../../../../../Users/Matsufubu/Documents/Unreal Projects/SideTest/Content/StarterContent/Particles/Materials/M_explosion_subUV.uasset" 38
"../../../../../../Users/Matsufubu/Documents/Unreal Projects/SideTest/Content/StarterContent/Particles/Materials/m_flare_01.uasset" 39
"../../../Engine/Content/Functions/Engine_MaterialFunctions01/Gradient/RadialGradient.uasset" 40
"../../../../../../Users/Matsufubu/Documents/Unreal Projects/SideTest/Content/StarterContent/Particles/Materials/M_radial_ramp.uasset" 41
"../../../../../../Users/Matsufubu/Documents/Unreal Projects/SideTest/Content/StarterContent/Textures/T_Smoke_SubUV.uasset" 42
"../../../../../../Users/Matsufubu/Documents/Unreal Projects/SideTest/Content/StarterContent/Textures/T_Smoke_Tiled_D.uasset" 43
"../../../../../../Users/Matsufubu/Documents/Unreal Projects/SideTest/Content/StarterContent/Particles/Materials/M_smoke_subUV.uasset" 44
"../../../../../../Users/Matsufubu/Documents/Unreal Projects/SideTest/Content/StarterContent/Particles/P_Explosion.uasset" 45
"../../../../../../Users/Matsufubu/Documents/Unreal Projects/SideTest/Content/StarterContent/Blueprints/Blueprint_Effect_Explosion.uasset" 46
"../../../Engine/Content/EditorMeshes/ColorCalibrator/T_ColorGrid.uasset" 47
"../../../../../../Users/Matsufubu/Documents/Unreal Projects/SideTest/Content/StarterContent/Materials/M_ColorGrid_LowSpec.uasset" 48
"../../../../../../Users/Matsufubu/Documents/Unreal Projects/SideTest/Content/StarterContent/Textures/T_Bush_D.uasset" 49
"../../../../../../Users/Matsufubu/Documents/Unreal Projects/SideTest/Content/StarterContent/Textures/T_Bush_N.uasset" 50
"../../../../../../Users/Matsufubu/Documents/Unreal Projects/SideTest/Content/StarterContent/Props/Materials/M_Bush.uasset" 51
"../../../../../../Users/Matsufubu/Documents/Unreal Projects/SideTest/Content/StarterContent/Props/SM_Bush.uasset" 52
"../../../../../../Users/Matsufubu/Documents/Unreal Projects/SideTest/Content/StarterContent/Textures/T_Chair_M.uasset" 53
"../../../../../../Users/Matsufubu/Documents/Unreal Projects/SideTest/Content/StarterContent/Textures/T_Chair_N.uasset" 54
"../../../../../../Users/Matsufubu/Documents/Unreal Projects/SideTest/Content/StarterContent/Props/Materials/M_Chair.uasset" 55
"../../../../../../Users/Matsufubu/Documents/Unreal Projects/SideTest/Content/StarterContent/Props/SM_Couch.uasset" 56
"../../../../../../Users/Matsufubu/Documents/Unreal Projects/SideTest/Content/StarterContent/Materials/M_Glass.uasset" 57
"../../../../../../Users/Matsufubu/Documents/Unreal Projects/SideTest/Content/StarterContent/Textures/T_Door_M.uasset" 58
"../../../../../../Users/Matsufubu/Documents/Unreal Projects/SideTest/Content/StarterContent/Textures/T_Door_N.uasset" 59
"../../../../../../Users/Matsufubu/Documents/Unreal Projects/SideTest/Content/StarterContent/Props/Materials/M_Door.uasset" 60
"../../../../../../Users/Matsufubu/Documents/Unreal Projects/SideTest/Content/StarterContent/Props/SM_Door.uasset" 61
"../../../../../../Users/Matsufubu/Documents/Unreal Projects/SideTest/Content/StarterContent/Props/Materials/M_MaterialSphere.uasset" 62
"../../../../../../Users/Matsufubu/Documents/Unreal Projects/SideTest/Content/StarterContent/Props/Materials/M_MaterialSphere_Plain.uasset" 63
"../../../../../../Users/Matsufubu/Documents/Unreal Projects/SideTest/Content/StarterContent/Props/SM_MatPreviewMesh_02.uasset" 64
"../../../Engine/Content/Functions/Engine_MaterialFunctions02/Utility/BlendAngleCorrectedNormals.uasset" 65
"../../../../../../Users/Matsufubu/Documents/Unreal Projects/SideTest/Content/StarterContent/Textures/T_Detail_Rocky_N.uasset" 66
"../../../../../../Users/Matsufubu/Documents/Unreal Projects/SideTest/Content/StarterContent/Textures/T_Rock_Basalt_D.uasset" 67
"../../../../../../Users/Matsufubu/Documents/Unreal Projects/SideTest/Content/StarterContent/Textures/T_RockMesh_M.uasset" 68
"../../../../../../Users/Matsufubu/Documents/Unreal Projects/SideTest/Content/StarterContent/Textures/T_RockMesh_N.uasset" 69
"../../../../../../Users/Matsufubu/Documents/Unreal Projects/SideTest/Content/StarterContent/Props/Materials/M_Rock.uasset" 70
"../../../../../../Users/Matsufubu/Documents/Unreal Projects/SideTest/Content/StarterContent/Props/SM_Rock.uasset" 71
"../../../../../../Users/Matsufubu/Documents/Unreal Projects/SideTest/Content/StarterContent/Textures/T_Shelf_M.uasset" 72
"../../../../../../Users/Matsufubu/Documents/Unreal Projects/SideTest/Content/StarterContent/Textures/T_Shelf_N.uasset" 73
"../../../../../../Users/Matsufubu/Documents/Unreal Projects/SideTest/Content/StarterContent/Props/Materials/M_Shelf.uasset" 74
"../../../../../../Users/Matsufubu/Documents/Unreal Projects/SideTest/Content/StarterContent/Props/SM_Shelf.uasset" 75
"../../../../../../Users/Matsufubu/Documents/Unreal Projects/SideTest/Content/StarterContent/Materials/M_Basic_Floor.uasset" 76
"../../../../../../Users/Matsufubu/Documents/Unreal Projects/SideTest/Content/StarterContent/Props/SM_Stairs.uasset" 77
"../../../../../../Users/Matsufubu/Documents/Unreal Projects/SideTest/Content/StarterContent/Shapes/Shape_Cone.uasset" 78
"../../../../../../Users/Matsufubu/Documents/Unreal Projects/SideTest/Content/StarterContent/Shapes/Shape_Cylinder.uasset" 79
"../../../../../../Users/Matsufubu/Documents/Unreal Projects/SideTest/Content/StarterContent/Shapes/Shape_NarrowCapsule.uasset" 80
"../../../../../../Users/Matsufubu/Documents/Unreal Projects/SideTest/Content/StarterContent/Shapes/Shape_Pipe.uasset" 81
"../../../../../../Users/Matsufubu/Documents/Unreal Projects/SideTest/Content/StarterContent/Shapes/Shape_Pipe_180.uasset" 82
"../../../../../../Users/Matsufubu/Documents/Unreal Projects/SideTest/Content/StarterContent/Shapes/Shape_Pipe_90.uasset" 83
"../../../../../../Users/Matsufubu/Documents/Unreal Projects/SideTest/Content/StarterContent/Shapes/Shape_Plane.uasset" 84
"../../../../../../Users/Matsufubu/Documents/Unreal Projects/SideTest/Content/StarterContent/Shapes/Shape_Torus.uasset" 85
"../../../../../../Users/Matsufubu/Documents/Unreal Projects/SideTest/Content/StarterContent/Shapes/Shape_Trim.uasset" 86
"../../../../../../Users/Matsufubu/Documents/Unreal Projects/SideTest/Content/StarterContent/Shapes/Shape_Trim_90_In.uasset" 87
"../../../../../../Users/Matsufubu/Documents/Unreal Projects/SideTest/Content/StarterContent/Shapes/Shape_Trim_90_Out.uasset" 88
"../../../../../../Users/Matsufubu/Documents/Unreal Projects/SideTest/Content/StarterContent/Shapes/Shape_TriPyramid.uasset" 89
"../../../../../../Users/Matsufubu/Documents/Unreal Projects/SideTest/Content/StarterContent/Shapes/Shape_Tube.uasset" 90
"../../../../../../Users/Matsufubu/Documents/Unreal Projects/SideTest/Content/StarterContent/Shapes/Shape_Wedge_A.uasset" 91
"../../../../../../Users/Matsufubu/Documents/Unreal Projects/SideTest/Content/StarterContent/Shapes/Shape_Wedge_B.uasset" 92
"../../../../../../Users/Matsufubu/Documents/Unreal Projects/SideTest/Content/StarterContent/Shapes/Shape_WideCapsule.uasset" 93
"../../../Engine/Content/EditorBlueprintResources/StandardMacros.uasset" 94
"../../../../../../Users/Matsufubu/Documents/Unreal Projects/SideTest/Content/Stuffff/Sprites/Character/RUN.uasset" 95
"../../../../../../Users/Matsufubu/Documents/Unreal Projects/SideTest/Content/Stuffff/Sprites/Character/Character_Sprite_0.uasset" 96
"../../../../../../Users/Matsufubu/Documents/Unreal Projects/SideTest/Content/Stuffff/Sprites/Character/Standing.uasset" 97
"../../../../../../Users/Matsufubu/Documents/Unreal Projects/SideTest/Content/Stuffff/Blueprint/BP_TheMAN.uasset" 98
"../../../../../../Users/Matsufubu/Documents/Unreal Projects/SideTest/Content/Stuffff/Maps/M_Sky_Panning_Clouds2.uasset" 99
"../../../../../../Users/Matsufubu/Documents/Unreal Projects/SideTest/Content/Stuffff/Maps/Level011.uasset" 100
"../../../../../../Users/Matsufubu/Documents/Unreal Projects/SideTest/Content/Stuffff/Music/EralTheme.uasset" 101
"../../Plugins/2D/Paper2D/Content/DefaultSpriteMaterial.uasset" 102
"../../Plugins/2D/Paper2D/Content/TranslucentUnlitSpriteMaterial.uasset" 103
"../../../../../../Users/Matsufubu/Documents/Unreal Projects/SideTest/Content/Stuffff/Sprites/NewChararacter/BirdieIdle0003.uasset" 104
"../../../../../../Users/Matsufubu/Documents/Unreal Projects/SideTest/Content/Stuffff/Sprites/NewChararacter/BirdieIdle0003_Sprite.uasset" 105
"../../../../../../Users/Matsufubu/Documents/Unreal Projects/SideTest/Content/Stuffff/Sprites/NewChararacter/BirdieJump0016.uasset" 106
"../../../../../../Users/Matsufubu/Documents/Unreal Projects/SideTest/Content/Stuffff/Sprites/NewChararacter/BirdieJump0016_Sprite.uasset" 107
"../../../../../../Users/Matsufubu/Documents/Unreal Projects/SideTest/Content/Stuffff/Sprites/NewChararacter/BirdieJump0001.uasset" 108
"../../../../../../Users/Matsufubu/Documents/Unreal Projects/SideTest/Content/Stuffff/Sprites/NewChararacter/BirdieJump0001_Sprite.uasset" 109
"../../../../../../Users/Matsufubu/Documents/Unreal Projects/SideTest/Content/Stuffff/Sprites/NewChararacter/BirdieJump0002.uasset" 110
"../../../../../../Users/Matsufubu/Documents/Unreal Projects/SideTest/Content/Stuffff/Sprites/NewChararacter/BirdieJump0002_Sprite.uasset" 111
"../../../../../../Users/Matsufubu/Documents/Unreal Projects/SideTest/Content/Stuffff/Sprites/NewChararacter/BirdieJump0003.uasset" 112
"../../../../../../Users/Matsufubu/Documents/Unreal Projects/SideTest/Content/Stuffff/Sprites/NewChararacter/BirdieJump0003_Sprite.uasset" 113
"../../../../../../Users/Matsufubu/Documents/Unreal Projects/SideTest/Content/Stuffff/Sprites/NewChararacter/BirdieJump0004.uasset" 114
"../../../../../../Users/Matsufubu/Documents/Unreal Projects/SideTest/Content/Stuffff/Sprites/NewChararacter/BirdieJump0004_Sprite.uasset" 115
"../../../../../../Users/Matsufubu/Documents/Unreal Projects/SideTest/Content/Stuffff/Sprites/NewChararacter/BirdieJump0005.uasset" 116
"../../../../../../Users/Matsufubu/Documents/Unreal Projects/SideTest/Content/Stuffff/Sprites/NewChararacter/BirdieJump0005_Sprite.uasset" 117
"../../../../../../Users/Matsufubu/Documents/Unreal Projects/SideTest/Content/Stuffff/Sprites/NewChararacter/BirdieJump0006.uasset" 118
"../../../../../../Users/Matsufubu/Documents/Unreal Projects/SideTest/Content/Stuffff/Sprites/NewChararacter/BirdieJump0006_Sprite.uasset" 119
"../../../../../../Users/Matsufubu/Documents/Unreal Projects/SideTest/Content/Stuffff/Sprites/NewChararacter/BirdieJump0007.uasset" 120
"../../../../../../Users/Matsufubu/Documents/Unreal Projects/SideTest/Content/Stuffff/Sprites/NewChararacter/BirdieJump0007_Sprite.uasset" 121
"../../../../../../Users/Matsufubu/Documents/Unreal Projects/SideTest/Content/Stuffff/Sprites/NewChararacter/BirdieJump0008.uasset" 122
"../../../../../../Users/Matsufubu/Documents/Unreal Projects/SideTest/Content/Stuffff/Sprites/NewChararacter/BirdieJump0008_Sprite.uasset" 123
"../../../../../../Users/Matsufubu/Documents/Unreal Projects/SideTest/Content/Stuffff/Sprites/NewChararacter/BirdieJump0009.uasset" 124
"../../../../../../Users/Matsufubu/Documents/Unreal Projects/SideTest/Content/Stuffff/Sprites/NewChararacter/BirdieJump0009_Sprite.uasset" 125
"../../../../../../Users/Matsufubu/Documents/Unreal Projects/SideTest/Content/Stuffff/Sprites/NewChararacter/BirdieJump0010.uasset" 126
"../../../../../../Users/Matsufubu/Documents/Unreal Projects/SideTest/Content/Stuffff/Sprites/NewChararacter/BirdieJump0010_Sprite.uasset" 127
"../../../../../../Users/Matsufubu/Documents/Unreal Projects/SideTest/Content/Stuffff/Sprites/NewChararacter/BirdieJump0011.uasset" 128
"../../../../../../Users/Matsufubu/Documents/Unreal Projects/SideTest/Content/Stuffff/Sprites/NewChararacter/BirdieJump0011_Sprite.uasset" 129
"../../../../../../Users/Matsufubu/Documents/Unreal Projects/SideTest/Content/Stuffff/Sprites/NewChararacter/BirdieJump0012.uasset" 130
"../../../../../../Users/Matsufubu/Documents/Unreal Projects/SideTest/Content/Stuffff/Sprites/NewChararacter/BirdieJump0012_Sprite.uasset" 131
"../../../../../../Users/Matsufubu/Documents/Unreal Projects/SideTest/Content/Stuffff/Sprites/NewChararacter/BirdieJump0013.uasset" 132
"../../../../../../Users/Matsufubu/Documents/Unreal Projects/SideTest/Content/Stuffff/Sprites/NewChararacter/BirdieJump0013_Sprite.uasset" 133
"../../../../../../Users/Matsufubu/Documents/Unreal Projects/SideTest/Content/Stuffff/Sprites/NewChararacter/BirdieJump0014.uasset" 134
"../../../../../../Users/Matsufubu/Documents/Unreal Projects/SideTest/Content/Stuffff/Sprites/NewChararacter/BirdieJump0014_Sprite.uasset" 135
"../../../../../../Users/Matsufubu/Documents/Unreal Projects/SideTest/Content/Stuffff/Sprites/NewChararacter/BirdieJump0015.uasset" 136
"../../../../../../Users/Matsufubu/Documents/Unreal Projects/SideTest/Content/Stuffff/Sprites/NewChararacter/BirdieJump0015_Sprite.uasset" 137
"../../../../../../Users/Matsufubu/Documents/Unreal Projects/SideTest/Content/Stuffff/Sprites/NewChararacter/BirdieJumpDoubleJumpFull.uasset" 138
"../../../../../../Users/Matsufubu/Documents/Unreal Projects/SideTest/Content/Stuffff/Sprites/NewChararacter/BirdieJumpStillAnimation.uasset" 139
"../../../Engine/Content/Functions/Engine_MaterialFunctions01/Opacity/CameraDepthFade.uasset" 140
"../../../Engine/Content/EngineMaterials/T_Default_Material_Grid_M.uasset" 141
"../../../Engine/Content/EngineMaterials/T_Default_Material_Grid_N.uasset" 142
"../../../Engine/Content/EngineMaterials/WorldGridMaterial.uasset" 143
"../../../Engine/Content/ArtTools/RenderToTexture/Meshes/S_1_Unit_Plane.uasset" 144
"../../../Engine/Content/EngineMaterials/DefaultMaterial.uasset" 145
"../../../Engine/Content/BasicShapes/Cone.uasset" 146
"../../../Engine/Content/BasicShapes/Cube.uasset" 147
"../../../Engine/Content/BasicShapes/Cylinder.uasset" 148
"../../../Engine/Content/BasicShapes/Plane.uasset" 149
"../../../Engine/Content/BasicShapes/Sphere.uasset" 150
"../../../Engine/Content/EditorLandscapeResources/DataLayer.uasset" 151
"../../../Engine/Content/EditorMaterials/GizmoMaterial.uasset" 152
"../../../Engine/Content/EditorMaterials/MAT_Groups_Toggle.uasset" 153
"../../../Engine/Content/EditorMaterials/MAT_Groups_Visibility.uasset" 154
"../../../Engine/Content/EditorMaterials/PreviewShadowIndicator.uasset" 155
"../../../Engine/Content/EditorMaterials/PreviewShadowIndicatorMaterial.uasset" 156
"../../../Engine/Content/EditorMaterials/MatineeGroups/MAT_ColorTrack.uasset" 157
"../../../Engine/Content/EditorMaterials/MatineeGroups/MAT_Groups_Anim.uasset" 158
"../../../Engine/Content/EditorMaterials/MatineeGroups/MAT_Groups_AudioMaster.uasset" 159
"../../../Engine/Content/EditorMaterials/MatineeGroups/MAT_Groups_Director.uasset" 160
"../../../Engine/Content/EditorMaterials/MatineeGroups/MAT_Groups_Event.uasset" 161
"../../../Engine/Content/EditorMaterials/MatineeGroups/MAT_Groups_Fade.uasset" 162
"../../../Engine/Content/EditorMaterials/MatineeGroups/MAT_Groups_Float.uasset" 163
"../../../Engine/Content/EditorMaterials/MatineeGroups/MAT_Groups_Move.uasset" 164
"../../../Engine/Content/EditorMaterials/MatineeGroups/MAT_Groups_Slomo.uasset" 165
"../../../Engine/Content/EditorMaterials/MatineeGroups/MAT_Groups_Sound.uasset" 166
"../../../Engine/Content/EditorMaterials/MatineeGroups/MAT_Groups_Vector.uasset" 167
"../../../Engine/Content/EditorMaterials/ParticleSystems/PSysThumbnail_NoImage.uasset" 168
"../../../Engine/Content/EditorMaterials/ParticleSystems/PSysThumbnail_OOD.uasset" 169
"../../../Engine/Content/EditorMaterials/Camera/CineMat.uasset" 170
"../../../Engine/Content/EditorMaterials/Camera/MI_CineMat_Rig.uasset" 171
"../../../Engine/Content/EditorMeshes/Camera/SM_CraneRig_Arm.uasset" 172
"../../../Engine/Content/EditorMeshes/Camera/SM_CraneRig_Base.uasset" 173
"../../../Engine/Content/EditorMeshes/Camera/SM_CraneRig_Body.uasset" 174
"../../../Engine/Content/EditorMeshes/Camera/SM_CraneRig_Mount.uasset" 175
"../../../Engine/Content/EditorMeshes/Camera/SM_RailRig_Mount.uasset" 176
"../../../Engine/Content/EditorMeshes/Camera/SM_RailRig_Track.uasset" 177
"../../../Engine/Content/EditorResources/BSPVertex.uasset" 178
"../../../Engine/Content/EditorResources/EmptyActor.uasset" 179
"../../../Engine/Content/EditorResources/S_Actor.uasset" 180
"../../../Engine/Content/EditorResources/S_Trigger.uasset" 181
"../../../Engine/Content/EditorResources/AudioIcons/S_AudioComponent.uasset" 182
"../../../Engine/Content/EditorResources/AudioIcons/S_AudioComponent_AutoActivate.uasset" 183
"../../../Engine/Content/EditorResources/LightIcons/S_LightError.uasset" 184
"../../../Engine/Content/EditorResources/SequenceRecorder/Countdown.uasset" 185
"../../../Engine/Content/EditorResources/SequenceRecorder/RecordingIndicator.uasset" 186
"../../../Engine/Content/EditorSounds/Notifications/CompileFailed.uasset" 187
"../../../Engine/Content/EditorSounds/Notifications/CompileFailed_Cue.uasset" 188
"../../../Engine/Content/EditorSounds/Notifications/CompileSuccess.uasset" 189
"../../../Engine/Content/EditorSounds/Notifications/CompileStart_Cue.uasset" 190
"../../../Engine/Content/EditorSounds/Notifications/CompileSuccess_Cue.uasset" 191
"../../../Engine/Content/EngineDamageTypes/DmgTypeBP_Environmental.uasset" 192
"../../../Engine/Content/EngineDebugMaterials/HeatmapGradient.uasset" 193
"../../../Engine/Content/EngineDebugMaterials/BoneWeightMaterial.uasset" 194
"../../../Engine/Content/EngineDebugMaterials/ClothMaterial.uasset" 195
"../../../Engine/Content/EngineDebugMaterials/ClothMaterial_WF.uasset" 196
"../../../Engine/Content/EngineDebugMaterials/DebugEditorMaterial.uasset" 197
"../../../Engine/Content/EngineDebugMaterials/DebugMeshMaterial.uasset" 198
"../../../Engine/Content/EngineDebugMaterials/GeomMaterial.uasset" 199
"../../../Engine/Content/EngineDebugMaterials/M_SimpleTranslucent.uasset" 200
"../../../Engine/Content/EngineFonts/Faces/RobotoBold.uasset" 201
"../../../Engine/Content/EngineFonts/Faces/RobotoBoldItalic.uasset" 202
"../../../Engine/Content/EngineFonts/Faces/RobotoItalic.uasset" 203
"../../../Engine/Content/EngineFonts/Faces/RobotoLight.uasset" 204
"../../../Engine/Content/EngineFonts/Faces/RobotoRegular.uasset" 205
"../../../Engine/Content/EngineFonts/Roboto.uasset" 206
"../../../Engine/Content/EngineFonts/Faces/RobotoTiny.uasset" 207
"../../../Engine/Content/EngineFonts/RobotoTiny.uasset" 208
"../../../Engine/Content/EngineMaterials/BaseFlattenDiffuseMap.uasset" 209
"../../../Engine/Content/EngineMaterials/BaseFlattenEmissiveMap.uasset" 210
"../../../Engine/Content/EngineMaterials/BaseFlattenGrayscaleMap.uasset" 211
"../../../Engine/Content/EngineMaterials/BaseFlattenNormalMap.uasset" 212
"../../../Engine/Content/EngineMaterials/BaseFlattenMaterial.uasset" 213
"../../../Engine/Content/EngineMaterials/DefaultBloomKernel.uasset" 214
"../../../Engine/Content/EngineMaterials/DefaultBokeh.uasset" 215
"../../../Engine/Content/EngineMaterials/DefaultDiffuse.uasset" 216
"../../../Engine/Content/EngineMaterials/DefaultDeferredDecalMaterial.uasset" 217
"../../../Engine/Content/EngineMaterials/DefaultLightFunctionMaterial.uasset" 218
"../../../Engine/Content/EngineMaterials/DefaultPhysicalMaterial.uasset" 219
"../../../Engine/Content/Functions/Engine_MaterialFunctions02/Utility/BreakOutFloat2Components.uasset" 220
"../../../Engine/Content/EngineMaterials/DefaultPostProcessMaterial.uasset" 221
"../../../Engine/Content/EngineFonts/RobotoDistanceField.uasset" 222
"../../../Engine/Content/EngineMaterials/DefaultTextMaterialOpaque.uasset" 223
"../../../Engine/Content/EngineMaterials/DefaultWhiteGrid.uasset" 224
"../../../Engine/Content/EngineMaterials/EditorBrushMaterial.uasset" 225
"../../../Engine/Content/EngineMaterials/Good64x64TilingNoiseHighFreq.uasset" 226
"../../../Engine/Content/EngineMaterials/MiniFont.uasset" 227
"../../../Engine/Content/EngineMaterials/InvalidLightmapSettings.uasset" 228
"../../../Engine/Content/EngineMaterials/M_InvalidLightmapSettings.uasset" 229
"../../../Engine/Content/Functions/Engine_MaterialFunctions02/WorldPositionOffset/CameraOffset.uasset" 230
"../../../Engine/Content/EngineMaterials/PhAT_JointLimitMaterial.uasset" 231
"../../../Engine/Content/EngineMaterials/PreintegratedSkinBRDF.uasset" 232
"../../../Engine/Content/EngineMaterials/RemoveSurfaceMaterial.uasset" 233
"../../../Engine/Content/EngineMaterials/WeightMapPlaceholderTexture.uasset" 234
"../../../Engine/Content/EngineResources/WhiteSquareTexture.uasset" 235
"../../../Engine/Content/EngineMaterials/Widget3DPassThrough.uasset" 236
"../../../Engine/Content/EngineMaterials/Widget3DPassThrough_Masked.uasset" 237
"../../../Engine/Content/EngineMaterials/Widget3DPassThrough_Opaque.uasset" 238
"../../../Engine/Content/EngineMaterials/Widget3DPassThrough_Masked_OneSided.uasset" 239
"../../../Engine/Content/EngineMaterials/Widget3DPassThrough_Opaque_OneSided.uasset" 240
"../../../Engine/Content/EngineMaterials/Widget3DPassThrough_Translucent.uasset" 241
"../../../Engine/Content/EngineMaterials/Widget3DPassThrough_Translucent_OneSided.uasset" 242
"../../../Engine/Content/EngineMeshes/Cylinder.uasset" 243
"../../../Engine/Content/EngineMeshes/Sphere.uasset" 244
"../../../Engine/Content/EngineResources/Black.uasset" 245
"../../../Engine/Content/EngineResources/DefaultTexture.uasset" 246
"../../../Engine/Content/EngineResources/DefaultTextureCube.uasset" 247
"../../../Engine/Content/EngineResources/DefaultVolumeTexture2D.uasset" 248
"../../../Engine/Content/EngineResources/DefaultVolumeTexture.uasset" 249
"../../../Engine/Content/EngineResources/GradientTexture0.uasset" 250
"../../../Engine/Content/EngineSounds/Master.uasset" 251
"../../../Engine/Content/Functions/Engine_MaterialFunctions01/Shading/ConvertFromDiffSpec.uasset" 252
"../../../Engine/Content/Functions/Engine_MaterialFunctions01/Shading/PowerToRoughness.uasset" 253
"../../../Engine/Content/Maps/Templates/Thumbnails/Default.uasset" 254
"../../../Engine/Content/Maps/Templates/Thumbnails/VR-Basic.uasset" 255
"../../../Engine/Content/MobileResources/T_MobileControls_texture.uasset" 256
"../../../Engine/Content/MobileResources/T_MobileMenu2.uasset" 257
"../../../Engine/Content/MobileResources/HUD/AnalogHat.uasset" 258
"../../../Engine/Content/MobileResources/HUD/VirtualJoystick_Background.uasset" 259
"../../../Engine/Content/MobileResources/HUD/VirtualJoystick_Thumb.uasset" 260
"../../../Engine/Content/MobileResources/HUD/DefaultVirtualJoysticks.uasset" 261
"../../../Engine/Content/MobileResources/HUD/LeftVirtualJoystickOnly.uasset" 262
"../../../Engine/Content/MobileResources/HUD/MobileHUDButton1_off.uasset" 263
"../../../Engine/Content/MobileResources/HUD/MobileHUDButton1_on.uasset" 264
"../../../Engine/Content/MobileResources/HUD/MobileHUDButton2_off.uasset" 265
"../../../Engine/Content/MobileResources/HUD/MobileHUDButton2_on.uasset" 266
"../../../Engine/Content/MobileResources/HUD/MobileHUDButton3.uasset" 267
"../../../Engine/Content/MobileResources/HUD/MobileHUDButtonFire.uasset" 268
"../../../Engine/Content/MobileResources/HUD/MobileHUDDirectionPad.uasset" 269
"../../../Engine/Content/MobileResources/HUD/MobileHUDDirectionPad2.uasset" 270
"../../../Engine/Content/MobileResources/HUD/MobileHUDDirectionPad3.uasset" 271
"../../../Engine/Content/MobileResources/HUD/MobileHUDDirectionStick.uasset" 272
"../../../Engine/Content/MobileResources/HUD/T_Castle_ThumbstickInner.uasset" 273
"../../../Engine/Content/MobileResources/HUD/T_Castle_ThumbstickOutter.uasset" 274
"../../../Engine/Content/Tutorial/ContentIntroCurve.uasset" 275
"../../../Engine/Content/Tutorial/Basics/TutorialAssets/icon_tab_Levels_40x.uasset" 276
"../../../Engine/Content/VREditor/LaserPointer/VR_LaserPower_01.uasset" 277
"../../../Engine/Content/VREditor/TransformGizmo/TransformGizmoMaterial.uasset" 278
"../../../Engine/Content/VREditor/TransformGizmo/TranslucentTransformGizmoMaterial.uasset" 279
"../../../Engine/Content/VREditor/TransformGizmo/BoundingBoxCorner.uasset" 280
"../../../Engine/Content/VREditor/TransformGizmo/BoundingBoxEdge.uasset" 281
"../../../Engine/Content/VREditor/TransformGizmo/PlaneTranslationHandle.uasset" 282
"../../../Engine/Content/VREditor/TransformGizmo/Main.uasset" 283
"../../../Engine/Content/VREditor/TransformGizmo/Xray.uasset" 284
"../../../Engine/Content/VREditor/TransformGizmo/SM_Sequencer_Key.uasset" 285
"../../../Engine/Content/VREditor/TransformGizmo/SM_Sequencer_Node.uasset" 286
"../../Plugins/2D/Paper2D/Content/PlaceholderTextures/DummySpriteTexture.uasset" 287
"../../Plugins/2D/Paper2D/Content/DummySprite.uasset" 288
"../../Plugins/2D/Paper2D/Content/DefaultPaperTerrainMaterial.uasset" 289
"../../Plugins/2D/Paper2D/Content/MaskedUnlitSpriteMaterial.uasset" 290
"../../Plugins/Runtime/Oculus/OculusVR/Content/Materials/PokeAHoleMaterial.uasset" 291
"../../Plugins/Runtime/Oculus/OculusVR/Content/Textures/GearVRController_AO.uasset" 292
"../../Plugins/Runtime/Oculus/OculusVR/Content/Textures/GearVRController_Color.uasset" 293
"../../Plugins/Runtime/Oculus/OculusVR/Content/Textures/GearVRController_Normal.uasset" 294
"../../Plugins/Runtime/Oculus/OculusVR/Content/Materials/GearVRControllerMaterial.uasset" 295
"../../Plugins/Runtime/Oculus/OculusVR/Content/Meshes/GearVrController.uasset" 296
"../../Plugins/Runtime/Oculus/OculusVR/Content/Textures/touchController_albedo.uasset" 297
"../../Plugins/Runtime/Oculus/OculusVR/Content/Textures/touchController_controlmap.uasset" 298
"../../Plugins/Runtime/Oculus/OculusVR/Content/Materials/touchController_mat.uasset" 299
"../../Plugins/Runtime/Oculus/OculusVR/Content/Meshes/LeftTouchController.uasset" 300
"../../Plugins/Runtime/Oculus/OculusVR/Content/Meshes/RiftHMD.uasset" 301
"../../Plugins/Runtime/Oculus/OculusVR/Content/Meshes/RightTouchController.uasset" 302
"../../../Engine/Content/EngineSky/C_Sky_Cloud_Color.uasset" 303
"../../../Engine/Content/EngineSky/C_Sky_Horizon_Color.uasset" 304
"../../../Engine/Content/EngineSky/C_Sky_Zenith_Color.uasset" 305
"../../../Engine/Content/EngineSky/T_Sky_Blue.uasset" 306
"../../../Engine/Content/EngineSky/T_Sky_Clouds_M.uasset" 307
"../../../Engine/Content/EngineSky/T_Sky_Stars.uasset" 308
"../../../Engine/Content/EngineSky/M_Sky_Panning_Clouds2.uasset" 309
"../../../Engine/Content/EngineSky/SM_SkySphere.uasset" 310
"../../../Engine/Content/EngineSky/BP_Sky_Sphere.uasset" 311
"../../../../../../Users/Matsufubu/Documents/Unreal Projects/SideTest/Content/Stuffff/Blueprint/LevelDatabaseActor.uasset" 312
"../../../../../../Users/Matsufubu/Documents/Unreal Projects/SideTest/Content/Stuffff/Sprites/NewChararacter/BirdieHurt0012.uasset" 313
"../../../../../../Users/Matsufubu/Documents/Unreal Projects/SideTest/Content/Stuffff/Sprites/NewChararacter/BirdieHurt0012_Sprite.uasset" 314
"../../../../../../Users/Matsufubu/Documents/Unreal Projects/SideTest/Content/Stuffff/Sprites/NewChararacter/BirdieHurt0013.uasset" 315
"../../../../../../Users/Matsufubu/Documents/Unreal Projects/SideTest/Content/Stuffff/Sprites/NewChararacter/BirdieHurt0013_Sprite.uasset" 316
"../../../../../../Users/Matsufubu/Documents/Unreal Projects/SideTest/Content/Stuffff/Sprites/NewChararacter/BirdieHurt0014.uasset" 317
"../../../../../../Users/Matsufubu/Documents/Unreal Projects/SideTest/Content/Stuffff/Sprites/NewChararacter/BirdieHurt0014_Sprite.uasset" 318
"../../../../../../Users/Matsufubu/Documents/Unreal Projects/SideTest/Content/Stuffff/Sprites/NewChararacter/BirdieHurt0015.uasset" 319
"../../../../../../Users/Matsufubu/Documents/Unreal Projects/SideTest/Content/Stuffff/Sprites/NewChararacter/BirdieHurt0015_Sprite.uasset" 320
"../../../../../../Users/Matsufubu/Documents/Unreal Projects/SideTest/Content/Stuffff/Sprites/NewChararacter/BirdieDead.uasset" 321
"../../../../../../Users/Matsufubu/Documents/Unreal Projects/SideTest/Content/Stuffff/Sprites/NewChararacter/BirdieFall.uasset" 322
"../../../../../../Users/Matsufubu/Documents/Unreal Projects/SideTest/Content/Stuffff/Sprites/NewChararacter/BirdieHurt0001.uasset" 323
"../../../../../../Users/Matsufubu/Documents/Unreal Projects/SideTest/Content/Stuffff/Sprites/NewChararacter/BirdieHurt0001_Sprite.uasset" 324
"../../../../../../Users/Matsufubu/Documents/Unreal Projects/SideTest/Content/Stuffff/Sprites/NewChararacter/BirdieHurt0002.uasset" 325
"../../../../../../Users/Matsufubu/Documents/Unreal Projects/SideTest/Content/Stuffff/Sprites/NewChararacter/BirdieHurt0002_Sprite.uasset" 326
"../../../../../../Users/Matsufubu/Documents/Unreal Projects/SideTest/Content/Stuffff/Sprites/NewChararacter/BirdieHurt0003.uasset" 327
"../../../../../../Users/Matsufubu/Documents/Unreal Projects/SideTest/Content/Stuffff/Sprites/NewChararacter/BirdieHurt0003_Sprite.uasset" 328
"../../../../../../Users/Matsufubu/Documents/Unreal Projects/SideTest/Content/Stuffff/Sprites/NewChararacter/BirdieHurt0004.uasset" 329
"../../../../../../Users/Matsufubu/Documents/Unreal Projects/SideTest/Content/Stuffff/Sprites/NewChararacter/BirdieHurt0004_Sprite.uasset" 330
"../../../../../../Users/Matsufubu/Documents/Unreal Projects/SideTest/Content/Stuffff/Sprites/NewChararacter/BirdieHurt0005.uasset" 331
"../../../../../../Users/Matsufubu/Documents/Unreal Projects/SideTest/Content/Stuffff/Sprites/NewChararacter/BirdieHurt0005_Sprite.uasset" 332
"../../../../../../Users/Matsufubu/Documents/Unreal Projects/SideTest/Content/Stuffff/Sprites/NewChararacter/BirdieHurt0006.uasset" 333
"../../../../../../Users/Matsufubu/Documents/Unreal Projects/SideTest/Content/Stuffff/Sprites/NewChararacter/BirdieHurt0006_Sprite.uasset" 334
"../../../../../../Users/Matsufubu/Documents/Unreal Projects/SideTest/Content/Stuffff/Sprites/NewChararacter/BirdieHurt0007.uasset" 335
"../../../../../../Users/Matsufubu/Documents/Unreal Projects/SideTest/Content/Stuffff/Sprites/NewChararacter/BirdieHurt0007_Sprite.uasset" 336
"../../../../../../Users/Matsufubu/Documents/Unreal Projects/SideTest/Content/Stuffff/Sprites/NewChararacter/BirdieHurt0008.uasset" 337
"../../../../../../Users/Matsufubu/Documents/Unreal Projects/SideTest/Content/Stuffff/Sprites/NewChararacter/BirdieHurt0008_Sprite.uasset" 338
"../../../../../../Users/Matsufubu/Documents/Unreal Projects/SideTest/Content/Stuffff/Sprites/NewChararacter/BirdieHurt0009.uasset" 339
"../../../../../../Users/Matsufubu/Documents/Unreal Projects/SideTest/Content/Stuffff/Sprites/NewChararacter/BirdieHurt0009_Sprite.uasset" 340
"../../../../../../Users/Matsufubu/Documents/Unreal Projects/SideTest/Content/Stuffff/Sprites/NewChararacter/BirdieHurt0010.uasset" 341
"../../../../../../Users/Matsufubu/Documents/Unreal Projects/SideTest/Content/Stuffff/Sprites/NewChararacter/BirdieHurt0010_Sprite.uasset" 342
"../../../../../../Users/Matsufubu/Documents/Unreal Projects/SideTest/Content/Stuffff/Sprites/NewChararacter/BirdieHurt0011.uasset" 343
"../../../../../../Users/Matsufubu/Documents/Unreal Projects/SideTest/Content/Stuffff/Sprites/NewChararacter/BirdieHurt0011_Sprite.uasset" 344
"../../../../../../Users/Matsufubu/Documents/Unreal Projects/SideTest/Content/Stuffff/Sprites/NewChararacter/BirdieHurt.uasset" 345
"../../../../../../Users/Matsufubu/Documents/Unreal Projects/SideTest/Content/Stuffff/Sprites/NewChararacter/BirdieIdle0001.uasset" 346
"../../../../../../Users/Matsufubu/Documents/Unreal Projects/SideTest/Content/Stuffff/Sprites/NewChararacter/BirdieIdle0001_Sprite.uasset" 347
"../../../../../../Users/Matsufubu/Documents/Unreal Projects/SideTest/Content/Stuffff/Sprites/NewChararacter/BirdieIdle0002.uasset" 348
"../../../../../../Users/Matsufubu/Documents/Unreal Projects/SideTest/Content/Stuffff/Sprites/NewChararacter/BirdieIdle0002_Sprite.uasset" 349
"../../../../../../Users/Matsufubu/Documents/Unreal Projects/SideTest/Content/Stuffff/Sprites/NewChararacter/BirdieIdle0004.uasset" 350
"../../../../../../Users/Matsufubu/Documents/Unreal Projects/SideTest/Content/Stuffff/Sprites/NewChararacter/BirdieIdle0004_Sprite.uasset" 351
"../../../../../../Users/Matsufubu/Documents/Unreal Projects/SideTest/Content/Stuffff/Sprites/NewChararacter/BirdieIdle.uasset" 352
"../../../../../../Users/Matsufubu/Documents/Unreal Projects/SideTest/Content/Stuffff/Sprites/NewChararacter/BirdieJumpDouble.uasset" 353
"../../../../../../Users/Matsufubu/Documents/Unreal Projects/SideTest/Content/Stuffff/Sprites/NewChararacter/BirdieJumpSingleJump.uasset" 354
"../../../../../../Users/Matsufubu/Documents/Unreal Projects/SideTest/Content/Stuffff/Sprites/NewChararacter/BirdieWalk0001.uasset" 355
"../../../../../../Users/Matsufubu/Documents/Unreal Projects/SideTest/Content/Stuffff/Sprites/NewChararacter/BirdieWalk0001_Sprite.uasset" 356
"../../../../../../Users/Matsufubu/Documents/Unreal Projects/SideTest/Content/Stuffff/Sprites/NewChararacter/BirdieWalk0002.uasset" 357
"../../../../../../Users/Matsufubu/Documents/Unreal Projects/SideTest/Content/Stuffff/Sprites/NewChararacter/BirdieWalk0002_Sprite.uasset" 358
"../../../../../../Users/Matsufubu/Documents/Unreal Projects/SideTest/Content/Stuffff/Sprites/NewChararacter/BirdieWalk0003.uasset" 359
"../../../../../../Users/Matsufubu/Documents/Unreal Projects/SideTest/Content/Stuffff/Sprites/NewChararacter/BirdieWalk0003_Sprite.uasset" 360
"../../../../../../Users/Matsufubu/Documents/Unreal Projects/SideTest/Content/Stuffff/Sprites/NewChararacter/BirdieWalk0004.uasset" 361
"../../../../../../Users/Matsufubu/Documents/Unreal Projects/SideTest/Content/Stuffff/Sprites/NewChararacter/BirdieWalk0004_Sprite.uasset" 362
"../../../../../../Users/Matsufubu/Documents/Unreal Projects/SideTest/Content/Stuffff/Sprites/NewChararacter/BirdieWalk0005.uasset" 363
"../../../../../../Users/Matsufubu/Documents/Unreal Projects/SideTest/Content/Stuffff/Sprites/NewChararacter/BirdieWalk0005_Sprite.uasset" 364
"../../../../../../Users/Matsufubu/Documents/Unreal Projects/SideTest/Content/Stuffff/Sprites/NewChararacter/BirdieWalk0006.uasset" 365
"../../../../../../Users/Matsufubu/Documents/Unreal Projects/SideTest/Content/Stuffff/Sprites/NewChararacter/BirdieWalk0006_Sprite.uasset" 366
"../../../../../../Users/Matsufubu/Documents/Unreal Projects/SideTest/Content/Stuffff/Sprites/NewChararacter/BirdieWalk0007.uasset" 367
"../../../../../../Users/Matsufubu/Documents/Unreal Projects/SideTest/Content/Stuffff/Sprites/NewChararacter/BirdieWalk0007_Sprite.uasset" 368
"../../../../../../Users/Matsufubu/Documents/Unreal Projects/SideTest/Content/Stuffff/Sprites/NewChararacter/BirdieWalk0008.uasset" 369
"../../../../../../Users/Matsufubu/Documents/Unreal Projects/SideTest/Content/Stuffff/Sprites/NewChararacter/BirdieWalk0008_Sprite.uasset" 370
"../../../../../../Users/Matsufubu/Documents/Unreal Projects/SideTest/Content/Stuffff/Sprites/NewChararacter/BirdieWalk0009.uasset" 371
"../../../../../../Users/Matsufubu/Documents/Unreal Projects/SideTest/Content/Stuffff/Sprites/NewChararacter/BirdieWalk0009_Sprite.uasset" 372
"../../../../../../Users/Matsufubu/Documents/Unreal Projects/SideTest/Content/Stuffff/Sprites/NewChararacter/BirdieWalk0010.uasset" 373
"../../../../../../Users/Matsufubu/Documents/Unreal Projects/SideTest/Content/Stuffff/Sprites/NewChararacter/BirdieWalk0010_Sprite.uasset" 374
"../../../../../../Users/Matsufubu/Documents/Unreal Projects/SideTest/Content/Stuffff/Sprites/NewChararacter/BirdieWalk0011.uasset" 375
"../../../../../../Users/Matsufubu/Documents/Unreal Projects/SideTest/Content/Stuffff/Sprites/NewChararacter/BirdieWalk0011_Sprite.uasset" 376
"../../../../../../Users/Matsufubu/Documents/Unreal Projects/SideTest/Content/Stuffff/Sprites/NewChararacter/BirdieWalk0012.uasset" 377
"../../../../../../Users/Matsufubu/Documents/Unreal Projects/SideTest/Content/Stuffff/Sprites/NewChararacter/BirdieWalk0012_Sprite.uasset" 378
"../../../../../../Users/Matsufubu/Documents/Unreal Projects/SideTest/Content/Stuffff/Sprites/NewChararacter/BirdieWalk.uasset" 379
"../../../../../../Users/Matsufubu/Documents/Unreal Projects/SideTest/Content/Stuffff/Blueprint/Earl.uasset" 380
"../../../../../../Users/Matsufubu/Documents/Unreal Projects/SideTest/Content/2DSideScrollerBP/Blueprints/2DSideScrollerGameMode.uasset" 381
"../../../../../../Users/Matsufubu/Documents/Unreal Projects/SideTest/Content/Stuffff/Blueprint/ExitGame.uasset" 382
"../../../../../../Users/Matsufubu/Documents/Unreal Projects/SideTest/Content/Stuffff/Blueprint/StartGame.uasset" 383
"../../../../../../Users/Matsufubu/Documents/Unreal Projects/SideTest/Content/Maps/MainMenu_BuiltData.uasset" 384
"../../../../../../Users/Matsufubu/Documents/Unreal Projects/SideTest/Content/Stuffff/Maps/TilesetNew__1_.uasset" 385
"../../../../../../Users/Matsufubu/Documents/Unreal Projects/SideTest/Content/Stuffff/Maps/TilesetNew__1__TileSet1.uasset" 386
"../../../../../../Users/Matsufubu/Documents/Unreal Projects/SideTest/Content/Stuffff/Maps/MainMenu.uasset" 387
"../../../../../../Users/Matsufubu/Documents/Unreal Projects/SideTest/Content/Stuffff/Sprites/BotSprites/ExitGameButton.uasset" 388
"../../../../../../Users/Matsufubu/Documents/Unreal Projects/SideTest/Content/Stuffff/Sprites/BotSprites/ExitGameButton_Sprite.uasset" 389
"../../../../../../Users/Matsufubu/Documents/Unreal Projects/SideTest/Content/Stuffff/Sprites/BotSprites/StartGameButton.uasset" 390
"../../../../../../Users/Matsufubu/Documents/Unreal Projects/SideTest/Content/Stuffff/Sprites/BotSprites/StartGameButton_Sprite.uasset" 391
"../../../../../../Users/Matsufubu/Documents/Unreal Projects/SideTest/Content/Stuffff/Sprites/BotSprites/TitleArt32.uasset" 392
"../../../../../../Users/Matsufubu/Documents/Unreal Projects/SideTest/Content/Stuffff/Sprites/BotSprites/TitleArt32_Sprite.uasset" 393
"../../../../../../Users/Matsufubu/Documents/Unreal Projects/SideTest/Content/Maps/MainMenu.umap" 394
"../../../../../../Users/Matsufubu/Documents/Unreal Projects/SideTest/Content/Stuffff/Sprites/BotSprites/BadBotLeft/BadBot0000.uasset" 395
"../../../../../../Users/Matsufubu/Documents/Unreal Projects/SideTest/Content/Stuffff/Sprites/BotSprites/BadBotLeft/BadBot0000_Sprite.uasset" 396
"../../../../../../Users/Matsufubu/Documents/Unreal Projects/SideTest/Content/Stuffff/Sprites/BotSprites/BadBotLeft/BadBot0001.uasset" 397
"../../../../../../Users/Matsufubu/Documents/Unreal Projects/SideTest/Content/Stuffff/Sprites/BotSprites/BadBotLeft/BadBot0001_Sprite.uasset" 398
"../../../../../../Users/Matsufubu/Documents/Unreal Projects/SideTest/Content/Stuffff/Sprites/BotSprites/BadBotLeft/BadBotL.uasset" 399
"../../../../../../Users/Matsufubu/Documents/Unreal Projects/SideTest/Content/Stuffff/Sprites/BotSprites/BadBotRight/BadBot0000L.uasset" 400
"../../../../../../Users/Matsufubu/Documents/Unreal Projects/SideTest/Content/Stuffff/Sprites/BotSprites/BadBotRight/BadBot0000L_Sprite.uasset" 401
"../../../../../../Users/Matsufubu/Documents/Unreal Projects/SideTest/Content/Stuffff/Sprites/BotSprites/BadBotRight/BadBot0001L.uasset" 402
"../../../../../../Users/Matsufubu/Documents/Unreal Projects/SideTest/Content/Stuffff/Sprites/BotSprites/BadBotRight/BadBot0001L_Sprite.uasset" 403
"../../../../../../Users/Matsufubu/Documents/Unreal Projects/SideTest/Content/Stuffff/Sprites/BotSprites/BadBotRight/BadBotR.uasset" 404
"../../../../../../Users/Matsufubu/Documents/Unreal Projects/SideTest/Content/Stuffff/Blueprint/BadBot.uasset" 405
"../../../../../../Users/Matsufubu/Documents/Unreal Projects/SideTest/Content/Stuffff/Blueprint/FinishLevel1.uasset" 406
"../../../../../../Users/Matsufubu/Documents/Unreal Projects/SideTest/Content/Stuffff/Blueprint/YouDiedLevel1.uasset" 407
"../../../../../../Users/Matsufubu/Documents/Unreal Projects/SideTest/Content/Maps/Start_BuiltData.uasset" 408
"../../../../../../Users/Matsufubu/Documents/Unreal Projects/SideTest/Content/Stuffff/Maps/Level1.uasset" 409
"../../../../../../Users/Matsufubu/Documents/Unreal Projects/SideTest/Content/Stuffff/Music/EarlTheme.uasset" 410
"../../../../../../Users/Matsufubu/Documents/Unreal Projects/SideTest/Content/Stuffff/Music/EarlTheme_Cue.uasset" 411
"../../../../../../Users/Matsufubu/Documents/Unreal Projects/SideTest/Content/Maps/Start.umap" 412
"../../../../../../Users/Matsufubu/Documents/Unreal Projects/SideTest/Content/2dSideScroller/Textures/2DCharacter_IdleAnimAtlas.uasset" 413
"../../../../../../Users/Matsufubu/Documents/Unreal Projects/SideTest/Content/2dSideScroller/Sprites/IdleFrames/IdleCycle1.uasset" 414
"../../../../../../Users/Matsufubu/Documents/Unreal Projects/SideTest/Content/2dSideScroller/Sprites/IdleFrames/IdleCycle2.uasset" 415
"../../../../../../Users/Matsufubu/Documents/Unreal Projects/SideTest/Content/2dSideScroller/Sprites/IdleFrames/IdleCycle3.uasset" 416
"../../../../../../Users/Matsufubu/Documents/Unreal Projects/SideTest/Content/2dSideScroller/Sprites/IdleFrames/IdleCycle4.uasset" 417
"../../../../../../Users/Matsufubu/Documents/Unreal Projects/SideTest/Content/2dSideScroller/Sprites/IdleFrames/IdleCycle5.uasset" 418
"../../../../../../Users/Matsufubu/Documents/Unreal Projects/SideTest/Content/2dSideScroller/Sprites/IdleFrames/IdleCycle6.uasset" 419
"../../../../../../Users/Matsufubu/Documents/Unreal Projects/SideTest/Content/2dSideScroller/Sprites/IdleFrames/IdleCycle7.uasset" 420
"../../../../../../Users/Matsufubu/Documents/Unreal Projects/SideTest/Content/2dSideScroller/Sprites/IdleFrames/IdleCycle8.uasset" 421
"../../../../../../Users/Matsufubu/Documents/Unreal Projects/SideTest/Content/2DSideScroller/Sprites/IdleAnimation.uasset" 422
"../../../../../../Users/Matsufubu/Documents/Unreal Projects/SideTest/Content/2dSideScroller/Textures/2DCharacter_RunAnimAtlas.uasset" 423
"../../../../../../Users/Matsufubu/Documents/Unreal Projects/SideTest/Content/2dSideScroller/Sprites/RunFrames/RunCycle_1.uasset" 424
"../../../../../../Users/Matsufubu/Documents/Unreal Projects/SideTest/Content/2dSideScroller/Sprites/RunFrames/RunCycle_10.uasset" 425
"../../../../../../Users/Matsufubu/Documents/Unreal Projects/SideTest/Content/2dSideScroller/Sprites/RunFrames/RunCycle_11.uasset" 426
"../../../../../../Users/Matsufubu/Documents/Unreal Projects/SideTest/Content/2dSideScroller/Sprites/RunFrames/RunCycle_12.uasset" 427
"../../../../../../Users/Matsufubu/Documents/Unreal Projects/SideTest/Content/2dSideScroller/Sprites/RunFrames/RunCycle_13.uasset" 428
"../../../../../../Users/Matsufubu/Documents/Unreal Projects/SideTest/Content/2dSideScroller/Sprites/RunFrames/RunCycle_14.uasset" 429
"../../../../../../Users/Matsufubu/Documents/Unreal Projects/SideTest/Content/2dSideScroller/Sprites/RunFrames/RunCycle_15.uasset" 430
"../../../../../../Users/Matsufubu/Documents/Unreal Projects/SideTest/Content/2dSideScroller/Sprites/RunFrames/RunCycle_16.uasset" 431
"../../../../../../Users/Matsufubu/Documents/Unreal Projects/SideTest/Content/2dSideScroller/Sprites/RunFrames/RunCycle_2.uasset" 432
"../../../../../../Users/Matsufubu/Documents/Unreal Projects/SideTest/Content/2dSideScroller/Sprites/RunFrames/RunCycle_3.uasset" 433
"../../../../../../Users/Matsufubu/Documents/Unreal Projects/SideTest/Content/2dSideScroller/Sprites/RunFrames/RunCycle_4.uasset" 434
"../../../../../../Users/Matsufubu/Documents/Unreal Projects/SideTest/Content/2dSideScroller/Sprites/RunFrames/RunCycle_5.uasset" 435
"../../../../../../Users/Matsufubu/Documents/Unreal Projects/SideTest/Content/2dSideScroller/Sprites/RunFrames/RunCycle_6.uasset" 436
"../../../../../../Users/Matsufubu/Documents/Unreal Projects/SideTest/Content/2dSideScroller/Sprites/RunFrames/RunCycle_7.uasset" 437
"../../../../../../Users/Matsufubu/Documents/Unreal Projects/SideTest/Content/2dSideScroller/Sprites/RunFrames/RunCycle_8.uasset" 438
"../../../../../../Users/Matsufubu/Documents/Unreal Projects/SideTest/Content/2dSideScroller/Sprites/RunFrames/RunCycle_9.uasset" 439
"../../../../../../Users/Matsufubu/Documents/Unreal Projects/SideTest/Content/2DSideScroller/Sprites/RunningAnimation.uasset" 440
"../../../../../../Users/Matsufubu/Documents/Unreal Projects/SideTest/Content/2DSideScrollerBP/Blueprints/2DSideScrollerCharacter.uasset" 441
"../../../../../../Users/Matsufubu/Documents/Unreal Projects/SideTest/Content/2DSideScrollerBP/Maps/2DSideScrollerExampleMap_BuiltData.uasset" 442
"../../../Engine/Content/MapTemplates/Bokeh_5Sides.uasset" 443
"../../../Engine/Content/MapTemplates/T_ScreenDirt02_w.uasset" 444
"../../Plugins/2D/Paper2D/Content/OpaqueUnlitSpriteMaterial.uasset" 445
"../../../../../../Users/Matsufubu/Documents/Unreal Projects/SideTest/Content/2dSideScroller/Textures/2DBackground.uasset" 446
"../../../../../../Users/Matsufubu/Documents/Unreal Projects/SideTest/Content/2DSideScroller/Sprites/Background_Sprite.uasset" 447
"../../../../../../Users/Matsufubu/Documents/Unreal Projects/SideTest/Content/2dSideScroller/Textures/2DBackgroundBlockAtlas.uasset" 448
"../../../../../../Users/Matsufubu/Documents/Unreal Projects/SideTest/Content/2DSideScroller/Sprites/Ledge.uasset" 449
"../../../../../../Users/Matsufubu/Documents/Unreal Projects/SideTest/Content/2DSideScrollerBP/Maps/2DSideScrollerExampleMap.umap" 450
"../../../../../../Users/Matsufubu/Documents/Unreal Projects/SideTest/Content/StarterContent/Blueprints/Assets/FogBrightnessLUT.uasset" 451
"../../../../../../Users/Matsufubu/Documents/Unreal Projects/SideTest/Content/StarterContent/Blueprints/Assets/SunlightColorLUT.uasset" 452
"../../../../../../Users/Matsufubu/Documents/Unreal Projects/SideTest/Content/StarterContent/Blueprints/Assets/M_LightStage_Arrows.uasset" 453
"../../../Engine/Content/MapTemplates/Sky/DaylightAmbientCubemap.uasset" 454
"../../../../../../Users/Matsufubu/Documents/Unreal Projects/SideTest/Content/StarterContent/Blueprints/Assets/M_LightStage_Skybox_Master.uasset" 455
"../../../../../../Users/Matsufubu/Documents/Unreal Projects/SideTest/Content/StarterContent/Blueprints/Assets/M_LightStage_Skybox_Black.uasset" 456
"../../../../../../Users/Matsufubu/Documents/Unreal Projects/SideTest/Content/StarterContent/Blueprints/Assets/M_LightStage_Skybox_HDRI.uasset" 457
"../../../Engine/Content/EditorMaterials/Thumbnails/SkySphereMaterial.uasset" 458
"../../../../../../Users/Matsufubu/Documents/Unreal Projects/SideTest/Content/StarterContent/Blueprints/Assets/Skybox.uasset" 459
"../../../../../../Users/Matsufubu/Documents/Unreal Projects/SideTest/Content/StarterContent/Blueprints/Assets/SM_Arrows.uasset" 460
"../../../../../../Users/Matsufubu/Documents/Unreal Projects/SideTest/Content/StarterContent/HDRI/HDRI_Epic_Courtyard_Daylight.uasset" 461
"../../../../../../Users/Matsufubu/Documents/Unreal Projects/SideTest/Content/StarterContent/Blueprints/BP_LightStudio.uasset" 462
"../../../../../../Users/Matsufubu/Documents/Unreal Projects/SideTest/Content/StarterContent/Maps/Advanced_Lighting_BuiltData.uasset" 463
"../../../../../../Users/Matsufubu/Documents/Unreal Projects/SideTest/Content/StarterContent/Materials/M_AssetPlatform.uasset" 464
"../../../Engine/Content/EditorMeshes/ColorCalibrator/M_ChromeBall.uasset" 465
"../../../Engine/Content/EditorMeshes/ColorCalibrator/M_ClearCoat.uasset" 466
"../../../Engine/Content/EditorMeshes/ColorCalibrator/M_ClearCoatBlack.uasset" 467
"../../../Engine/Content/EditorMeshes/ColorCalibrator/Color_checker.uasset" 468
"../../../Engine/Content/EditorMeshes/ColorCalibrator/M_ColorGrid.uasset" 469
"../../../Engine/Content/EditorMeshes/ColorCalibrator/M_GreyBall.uasset" 470
"../../../Engine/Content/EditorMeshes/ColorCalibrator/SM_ColorCalibrator.uasset" 471
"../../../../../../Users/Matsufubu/Documents/Unreal Projects/SideTest/Content/StarterContent/Architecture/SM_AssetPlatform.uasset" 472
"../../../../../../Users/Matsufubu/Documents/Unreal Projects/SideTest/Content/StarterContent/Maps/Advanced_Lighting.umap" 473
"../../../../../../Users/Matsufubu/Documents/Unreal Projects/SideTest/Content/StarterContent/Maps/Minimal_Default_BuiltData.uasset" 474
"../../../../../../Users/Matsufubu/Documents/Unreal Projects/SideTest/Content/StarterContent/Textures/T_MacroVariation.uasset" 475
"../../../../../../Users/Matsufubu/Documents/Unreal Projects/SideTest/Content/StarterContent/Materials/M_Metal_Brushed_Nickel.uasset" 476
"../../../../../../Users/Matsufubu/Documents/Unreal Projects/SideTest/Content/StarterContent/Textures/T_Metal_Aluminum_D.uasset" 477
"../../../../../../Users/Matsufubu/Documents/Unreal Projects/SideTest/Content/StarterContent/Textures/T_Metal_Gold_N.uasset" 478
"../../../../../../Users/Matsufubu/Documents/Unreal Projects/SideTest/Content/StarterContent/Materials/M_Metal_Burnished_Steel.uasset" 479
"../../../../../../Users/Matsufubu/Documents/Unreal Projects/SideTest/Content/StarterContent/Textures/T_Metal_Copper_D.uasset" 480
"../../../../../../Users/Matsufubu/Documents/Unreal Projects/SideTest/Content/StarterContent/Materials/M_Metal_Copper.uasset" 481
"../../../../../../Users/Matsufubu/Documents/Unreal Projects/SideTest/Content/StarterContent/Textures/T_Statue_M.uasset" 482
"../../../../../../Users/Matsufubu/Documents/Unreal Projects/SideTest/Content/StarterContent/Textures/T_Statue_N.uasset" 483
"../../../../../../Users/Matsufubu/Documents/Unreal Projects/SideTest/Content/StarterContent/Props/Materials/M_StatueGlass.uasset" 484
"../../../../../../Users/Matsufubu/Documents/Unreal Projects/SideTest/Content/StarterContent/Architecture/Floor_400x400.uasset" 485
"../../../../../../Users/Matsufubu/Documents/Unreal Projects/SideTest/Content/StarterContent/Audio/Starter_Background_Cue.uasset" 486
"../../../../../../Users/Matsufubu/Documents/Unreal Projects/SideTest/Content/StarterContent/Props/SM_Chair.uasset" 487
"../../../../../../Users/Matsufubu/Documents/Unreal Projects/SideTest/Content/StarterContent/Props/Materials/M_Statue.uasset" 488
"../../../../../../Users/Matsufubu/Documents/Unreal Projects/SideTest/Content/StarterContent/Props/SM_Statue.uasset" 489
"../../../../../../Users/Matsufubu/Documents/Unreal Projects/SideTest/Content/StarterContent/Textures/T_TableRound_M.uasset" 490
"../../../../../../Users/Matsufubu/Documents/Unreal Projects/SideTest/Content/StarterContent/Textures/T_TableRound_N.uasset" 491
"../../../../../../Users/Matsufubu/Documents/Unreal Projects/SideTest/Content/StarterContent/Props/Materials/M_TableRound.uasset" 492
"../../../../../../Users/Matsufubu/Documents/Unreal Projects/SideTest/Content/StarterContent/Props/SM_TableRound.uasset" 493
"../../../../../../Users/Matsufubu/Documents/Unreal Projects/SideTest/Content/StarterContent/Maps/Minimal_Default.umap" 494
"../../../../../../Users/Matsufubu/Documents/Unreal Projects/SideTest/Content/StarterContent/Audio/Fire01_Cue.uasset" 495
"../../../../../../Users/Matsufubu/Documents/Unreal Projects/SideTest/Content/StarterContent/Textures/T_Fire_SubUV.uasset" 496
"../../../../../../Users/Matsufubu/Documents/Unreal Projects/SideTest/Content/StarterContent/Textures/T_Fire_Tiled_D.uasset" 497
"../../../../../../Users/Matsufubu/Documents/Unreal Projects/SideTest/Content/StarterContent/Particles/Materials/M_Fire_SubUV.uasset" 498
"../../../../../../Users/Matsufubu/Documents/Unreal Projects/SideTest/Content/StarterContent/Textures/T_Water_N.uasset" 499
"../../../../../../Users/Matsufubu/Documents/Unreal Projects/SideTest/Content/StarterContent/Particles/Materials/M_Heat_Distortion.uasset" 500
"../../../../../../Users/Matsufubu/Documents/Unreal Projects/SideTest/Content/StarterContent/Particles/Materials/M_Radial_Gradient.uasset" 501
"../../../../../../Users/Matsufubu/Documents/Unreal Projects/SideTest/Content/StarterContent/Particles/P_Fire.uasset" 502
"../../../../../../Users/Matsufubu/Documents/Unreal Projects/SideTest/Content/StarterContent/Blueprints/Blueprint_Effect_Fire.uasset" 503
"../../../../../../Users/Matsufubu/Documents/Unreal Projects/SideTest/Content/StarterContent/Audio/Smoke01_Cue.uasset" 504
"../../../../../../Users/Matsufubu/Documents/Unreal Projects/SideTest/Content/StarterContent/Particles/P_Smoke.uasset" 505
"../../../../../../Users/Matsufubu/Documents/Unreal Projects/SideTest/Content/StarterContent/Blueprints/Blueprint_Effect_Smoke.uasset" 506
"../../../../../../Users/Matsufubu/Documents/Unreal Projects/SideTest/Content/StarterContent/Audio/Fire_Sparks01_Cue.uasset" 507
"../../../../../../Users/Matsufubu/Documents/Unreal Projects/SideTest/Content/StarterContent/Textures/T_Spark_Core.uasset" 508
"../../../../../../Users/Matsufubu/Documents/Unreal Projects/SideTest/Content/StarterContent/Particles/Materials/M_Spark.uasset" 509
"../../../../../../Users/Matsufubu/Documents/Unreal Projects/SideTest/Content/StarterContent/Particles/P_Sparks.uasset" 510
"../../../../../../Users/Matsufubu/Documents/Unreal Projects/SideTest/Content/StarterContent/Blueprints/Blueprint_Effect_Sparks.uasset" 511
"../../../../../../Users/Matsufubu/Documents/Unreal Projects/SideTest/Content/StarterContent/Audio/Steam01_Cue.uasset" 512
"../../../../../../Users/Matsufubu/Documents/Unreal Projects/SideTest/Content/StarterContent/Particles/P_Steam_Lit.uasset" 513
"../../../../../../Users/Matsufubu/Documents/Unreal Projects/SideTest/Content/StarterContent/Blueprints/Blueprint_Effect_Steam.uasset" 514
"../../../../../../Users/Matsufubu/Documents/Unreal Projects/SideTest/Content/StarterContent/Textures/T_Lamp_M.uasset" 515
"../../../../../../Users/Matsufubu/Documents/Unreal Projects/SideTest/Content/StarterContent/Textures/T_Lamp_N.uasset" 516
"../../../../../../Users/Matsufubu/Documents/Unreal Projects/SideTest/Content/StarterContent/Props/Materials/M_Lamp.uasset" 517
"../../../../../../Users/Matsufubu/Documents/Unreal Projects/SideTest/Content/StarterContent/Props/SM_Lamp_Ceiling.uasset" 518
"../../../../../../Users/Matsufubu/Documents/Unreal Projects/SideTest/Content/StarterContent/Blueprints/Blueprint_CeilingLight.uasset" 519
"../../../../../../Users/Matsufubu/Documents/Unreal Projects/SideTest/Content/StarterContent/Props/SM_Lamp_Wall.uasset" 520
"../../../../../../Users/Matsufubu/Documents/Unreal Projects/SideTest/Content/StarterContent/Blueprints/Blueprint_WallSconce.uasset" 521
"../../../../../../Users/Matsufubu/Documents/Unreal Projects/SideTest/Content/StarterContent/Maps/StarterMap_BuiltData.uasset" 522
"../../../Engine/Content/Functions/Engine_MaterialFunctions03/Procedurals/ComputeFilterWidth.uasset" 523
"../../../Engine/Content/EngineMaterials/AntiAliasedTextMaterialTranslucent.uasset" 524
"../../../../../../Users/Matsufubu/Documents/Unreal Projects/SideTest/Content/StarterContent/Textures/T_Brick_Clay_Beveled_D.uasset" 525
"../../../../../../Users/Matsufubu/Documents/Unreal Projects/SideTest/Content/StarterContent/Textures/T_Brick_Clay_Beveled_M.uasset" 526
"../../../../../../Users/Matsufubu/Documents/Unreal Projects/SideTest/Content/StarterContent/Textures/T_Brick_Clay_Beveled_N.uasset" 527
"../../../../../../Users/Matsufubu/Documents/Unreal Projects/SideTest/Content/StarterContent/Materials/M_Brick_Clay_Beveled.uasset" 528
"../../../../../../Users/Matsufubu/Documents/Unreal Projects/SideTest/Content/StarterContent/Textures/T_Brick_Clay_New_D.uasset" 529
"../../../../../../Users/Matsufubu/Documents/Unreal Projects/SideTest/Content/StarterContent/Textures/T_Brick_Clay_New_M.uasset" 530
"../../../../../../Users/Matsufubu/Documents/Unreal Projects/SideTest/Content/StarterContent/Textures/T_Brick_Clay_New_N.uasset" 531
"../../../../../../Users/Matsufubu/Documents/Unreal Projects/SideTest/Content/StarterContent/Materials/M_Brick_Clay_New.uasset" 532
"../../../../../../Users/Matsufubu/Documents/Unreal Projects/SideTest/Content/StarterContent/Textures/T_Brick_Clay_Old_D.uasset" 533
"../../../../../../Users/Matsufubu/Documents/Unreal Projects/SideTest/Content/StarterContent/Textures/T_Brick_Clay_Old_N.uasset" 534
"../../../../../../Users/Matsufubu/Documents/Unreal Projects/SideTest/Content/StarterContent/Textures/T_Perlin_Noise_M.uasset" 535
"../../../../../../Users/Matsufubu/Documents/Unreal Projects/SideTest/Content/StarterContent/Materials/M_Brick_Clay_Old.uasset" 536
"../../../../../../Users/Matsufubu/Documents/Unreal Projects/SideTest/Content/StarterContent/Textures/T_Brick_Cut_Stone_D.uasset" 537
"../../../../../../Users/Matsufubu/Documents/Unreal Projects/SideTest/Content/StarterContent/Textures/T_Brick_Cut_Stone_N.uasset" 538
"../../../../../../Users/Matsufubu/Documents/Unreal Projects/SideTest/Content/StarterContent/Materials/M_Brick_Cut_Stone.uasset" 539
"../../../../../../Users/Matsufubu/Documents/Unreal Projects/SideTest/Content/StarterContent/Textures/T_Brick_Hewn_Stone_D.uasset" 540
"../../../../../../Users/Matsufubu/Documents/Unreal Projects/SideTest/Content/StarterContent/Textures/T_Brick_Hewn_Stone_M.uasset" 541
"../../../../../../Users/Matsufubu/Documents/Unreal Projects/SideTest/Content/StarterContent/Textures/T_Brick_Hewn_Stone_N.uasset" 542
"../../../../../../Users/Matsufubu/Documents/Unreal Projects/SideTest/Content/StarterContent/Materials/M_Brick_Hewn_Stone.uasset" 543
"../../../../../../Users/Matsufubu/Documents/Unreal Projects/SideTest/Content/StarterContent/Textures/T_Ceramic_Tile_M.uasset" 544
"../../../../../../Users/Matsufubu/Documents/Unreal Projects/SideTest/Content/StarterContent/Textures/T_Ceramic_Tile_N.uasset" 545
"../../../../../../Users/Matsufubu/Documents/Unreal Projects/SideTest/Content/StarterContent/Textures/T_Rock_Marble_Polished_D.uasset" 546
"../../../../../../Users/Matsufubu/Documents/Unreal Projects/SideTest/Content/StarterContent/Materials/M_Ceramic_Tile_Checker.uasset" 547
"../../../../../../Users/Matsufubu/Documents/Unreal Projects/SideTest/Content/StarterContent/Textures/T_CobbleStone_Pebble_D.uasset" 548
"../../../../../../Users/Matsufubu/Documents/Unreal Projects/SideTest/Content/StarterContent/Textures/T_CobbleStone_Pebble_M.uasset" 549
"../../../../../../Users/Matsufubu/Documents/Unreal Projects/SideTest/Content/StarterContent/Textures/T_CobbleStone_Pebble_N.uasset" 550
"../../../../../../Users/Matsufubu/Documents/Unreal Projects/SideTest/Content/StarterContent/Materials/M_CobbleStone_Pebble.uasset" 551
"../../../../../../Users/Matsufubu/Documents/Unreal Projects/SideTest/Content/StarterContent/Textures/T_CobbleStone_Rough_D.uasset" 552
"../../../../../../Users/Matsufubu/Documents/Unreal Projects/SideTest/Content/StarterContent/Textures/T_CobbleStone_Rough_N.uasset" 553
"../../../../../../Users/Matsufubu/Documents/Unreal Projects/SideTest/Content/StarterContent/Textures/T_Gradinet_01.uasset" 554
"../../../../../../Users/Matsufubu/Documents/Unreal Projects/SideTest/Content/StarterContent/Textures/T_Rock_Smooth_Granite_D.uasset" 555
"../../../../../../Users/Matsufubu/Documents/Unreal Projects/SideTest/Content/StarterContent/Materials/M_CobbleStone_Rough.uasset" 556
"../../../../../../Users/Matsufubu/Documents/Unreal Projects/SideTest/Content/StarterContent/Textures/T_CobbleStone_Smooth_D.uasset" 557
"../../../../../../Users/Matsufubu/Documents/Unreal Projects/SideTest/Content/StarterContent/Textures/T_CobbleStone_Smooth_M.uasset" 558
"../../../../../../Users/Matsufubu/Documents/Unreal Projects/SideTest/Content/StarterContent/Textures/T_CobbleStone_Smooth_N.uasset" 559
"../../../../../../Users/Matsufubu/Documents/Unreal Projects/SideTest/Content/StarterContent/Materials/M_CobbleStone_Smooth.uasset" 560
"../../../../../../Users/Matsufubu/Documents/Unreal Projects/SideTest/Content/StarterContent/Textures/T_Concrete_Grime_D.uasset" 561
"../../../../../../Users/Matsufubu/Documents/Unreal Projects/SideTest/Content/StarterContent/Textures/T_Metal_Rust_N.uasset" 562
"../../../../../../Users/Matsufubu/Documents/Unreal Projects/SideTest/Content/StarterContent/Materials/M_Concrete_Grime.uasset" 563
"../../../../../../Users/Matsufubu/Documents/Unreal Projects/SideTest/Content/StarterContent/Textures/T_Concrete_Panels_D.uasset" 564
"../../../../../../Users/Matsufubu/Documents/Unreal Projects/SideTest/Content/StarterContent/Textures/T_Concrete_Panels_N.uasset" 565
"../../../../../../Users/Matsufubu/Documents/Unreal Projects/SideTest/Content/StarterContent/Materials/M_Concrete_Panels.uasset" 566
"../../../../../../Users/Matsufubu/Documents/Unreal Projects/SideTest/Content/StarterContent/Textures/T_Concrete_Poured_D.uasset" 567
"../../../../../../Users/Matsufubu/Documents/Unreal Projects/SideTest/Content/StarterContent/Textures/T_Concrete_Poured_N.uasset" 568
"../../../../../../Users/Matsufubu/Documents/Unreal Projects/SideTest/Content/StarterContent/Materials/M_Concrete_Poured.uasset" 569
"../../../../../../Users/Matsufubu/Documents/Unreal Projects/SideTest/Content/StarterContent/Textures/T_Concrete_Tiles_D.uasset" 570
"../../../../../../Users/Matsufubu/Documents/Unreal Projects/SideTest/Content/StarterContent/Textures/T_Concrete_Tiles_M.uasset" 571
"../../../../../../Users/Matsufubu/Documents/Unreal Projects/SideTest/Content/StarterContent/Textures/T_Concrete_Tiles_N.uasset" 572
"../../../../../../Users/Matsufubu/Documents/Unreal Projects/SideTest/Content/StarterContent/Textures/T_Concrete_Tiles_Variation_M.uasset" 573
"../../../../../../Users/Matsufubu/Documents/Unreal Projects/SideTest/Content/StarterContent/Materials/M_Concrete_Tiles.uasset" 574
"../../../../../../Users/Matsufubu/Documents/Unreal Projects/SideTest/Content/StarterContent/Textures/T_Ground_Grass_D.uasset" 575
"../../../../../../Users/Matsufubu/Documents/Unreal Projects/SideTest/Content/StarterContent/Textures/T_Ground_Grass_N.uasset" 576
"../../../../../../Users/Matsufubu/Documents/Unreal Projects/SideTest/Content/StarterContent/Materials/M_Ground_Grass.uasset" 577
"../../../../../../Users/Matsufubu/Documents/Unreal Projects/SideTest/Content/StarterContent/Textures/T_Ground_Gravel_D.uasset" 578
"../../../../../../Users/Matsufubu/Documents/Unreal Projects/SideTest/Content/StarterContent/Textures/T_Ground_Gravel_N.uasset" 579
"../../../../../../Users/Matsufubu/Documents/Unreal Projects/SideTest/Content/StarterContent/Materials/M_Ground_Gravel.uasset" 580
"../../../../../../Users/Matsufubu/Documents/Unreal Projects/SideTest/Content/StarterContent/Textures/T_ground_Moss_D.uasset" 581
"../../../../../../Users/Matsufubu/Documents/Unreal Projects/SideTest/Content/StarterContent/Textures/T_Ground_Moss_N.uasset" 582
"../../../../../../Users/Matsufubu/Documents/Unreal Projects/SideTest/Content/StarterContent/Materials/M_Ground_Moss.uasset" 583
"../../../../../../Users/Matsufubu/Documents/Unreal Projects/SideTest/Content/StarterContent/Materials/M_Metal_Chrome.uasset" 584
"../../../../../../Users/Matsufubu/Documents/Unreal Projects/SideTest/Content/StarterContent/Textures/T_Metal_Gold_D.uasset" 585
"../../../../../../Users/Matsufubu/Documents/Unreal Projects/SideTest/Content/StarterContent/Materials/M_Metal_Gold.uasset" 586
"../../../../../../Users/Matsufubu/Documents/Unreal Projects/SideTest/Content/StarterContent/Textures/T_Metal_Rust_D.uasset" 587
"../../../../../../Users/Matsufubu/Documents/Unreal Projects/SideTest/Content/StarterContent/Materials/M_Metal_Rust.uasset" 588
"../../../../../../Users/Matsufubu/Documents/Unreal Projects/SideTest/Content/StarterContent/Textures/T_Metal_Steel_D.uasset" 589
"../../../../../../Users/Matsufubu/Documents/Unreal Projects/SideTest/Content/StarterContent/Textures/T_Metal_Steel_N.uasset" 590
"../../../../../../Users/Matsufubu/Documents/Unreal Projects/SideTest/Content/StarterContent/Materials/M_Metal_Steel.uasset" 591
"../../../../../../Users/Matsufubu/Documents/Unreal Projects/SideTest/Content/StarterContent/Textures/T_Rock_Basalt_N.uasset" 592
"../../../../../../Users/Matsufubu/Documents/Unreal Projects/SideTest/Content/StarterContent/Materials/M_Rock_Basalt.uasset" 593
"../../../../../../Users/Matsufubu/Documents/Unreal Projects/SideTest/Content/StarterContent/Materials/M_Rock_Marble_Polished.uasset" 594
"../../../../../../Users/Matsufubu/Documents/Unreal Projects/SideTest/Content/StarterContent/Textures/T_Rock_Sandstone_D.uasset" 595
"../../../../../../Users/Matsufubu/Documents/Unreal Projects/SideTest/Content/StarterContent/Textures/T_Rock_Sandstone_N.uasset" 596
"../../../../../../Users/Matsufubu/Documents/Unreal Projects/SideTest/Content/StarterContent/Materials/M_Rock_Sandstone.uasset" 597
"../../../../../../Users/Matsufubu/Documents/Unreal Projects/SideTest/Content/StarterContent/Textures/T_Rock_Slate_D.uasset" 598
"../../../../../../Users/Matsufubu/Documents/Unreal Projects/SideTest/Content/StarterContent/Textures/T_Rock_Slate_N.uasset" 599
"../../../../../../Users/Matsufubu/Documents/Unreal Projects/SideTest/Content/StarterContent/Materials/M_Rock_Slate.uasset" 600
"../../../../../../Users/Matsufubu/Documents/Unreal Projects/SideTest/Content/StarterContent/Textures/T_Checker_Noise_M.uasset" 601
"../../../../../../Users/Matsufubu/Documents/Unreal Projects/SideTest/Content/StarterContent/Textures/T_Single_Tile_N.uasset" 602
"../../../../../../Users/Matsufubu/Documents/Unreal Projects/SideTest/Content/StarterContent/Textures/T_Tech_Dot_M.uasset" 603
"../../../../../../Users/Matsufubu/Documents/Unreal Projects/SideTest/Content/StarterContent/Textures/T_Tech_Dot_N.uasset" 604
"../../../../../../Users/Matsufubu/Documents/Unreal Projects/SideTest/Content/StarterContent/Materials/M_Tech_Checker_Dot.uasset" 605
"../../../../../../Users/Matsufubu/Documents/Unreal Projects/SideTest/Content/StarterContent/Textures/T_Tech_Hex_Tile_M.uasset" 606
"../../../../../../Users/Matsufubu/Documents/Unreal Projects/SideTest/Content/StarterContent/Textures/T_Tech_Hex_Tile_N.uasset" 607
"../../../../../../Users/Matsufubu/Documents/Unreal Projects/SideTest/Content/StarterContent/Materials/M_Tech_Hex_Tile.uasset" 608
"../../../../../../Users/Matsufubu/Documents/Unreal Projects/SideTest/Content/StarterContent/Materials/M_Tech_Hex_Tile_Pulse.uasset" 609
"../../../../../../Users/Matsufubu/Documents/Unreal Projects/SideTest/Content/StarterContent/Textures/T_Tech_Panel_M.uasset" 610
"../../../../../../Users/Matsufubu/Documents/Unreal Projects/SideTest/Content/StarterContent/Textures/T_Tech_Panel_N.uasset" 611
"../../../../../../Users/Matsufubu/Documents/Unreal Projects/SideTest/Content/StarterContent/Materials/M_Tech_Panel.uasset" 612
"../../../../../../Users/Matsufubu/Documents/Unreal Projects/SideTest/Content/StarterContent/Materials/M_Water_Lake.uasset" 613
"../../../../../../Users/Matsufubu/Documents/Unreal Projects/SideTest/Content/StarterContent/Textures/T_Water_M.uasset" 614
"../../../../../../Users/Matsufubu/Documents/Unreal Projects/SideTest/Content/StarterContent/Materials/M_Water_Ocean.uasset" 615
"../../../../../../Users/Matsufubu/Documents/Unreal Projects/SideTest/Content/StarterContent/Textures/T_Wood_Floor_Walnut_D.uasset" 616
"../../../../../../Users/Matsufubu/Documents/Unreal Projects/SideTest/Content/StarterContent/Textures/T_Wood_Floor_Walnut_M.uasset" 617
"../../../../../../Users/Matsufubu/Documents/Unreal Projects/SideTest/Content/StarterContent/Textures/T_Wood_Floor_Walnut_N.uasset" 618
"../../../../../../Users/Matsufubu/Documents/Unreal Projects/SideTest/Content/StarterContent/Materials/M_Wood_Floor_Walnut_Polished.uasset" 619
"../../../Engine/Content/Functions/Engine_MaterialFunctions01/Opacity/AlphaOffset.uasset" 620
"../../../../../../Users/Matsufubu/Documents/Unreal Projects/SideTest/Content/StarterContent/Materials/M_Wood_Floor_Walnut_Worn.uasset" 621
"../../../../../../Users/Matsufubu/Documents/Unreal Projects/SideTest/Content/StarterContent/Textures/T_Wood_Oak_D.uasset" 622
"../../../../../../Users/Matsufubu/Documents/Unreal Projects/SideTest/Content/StarterContent/Textures/T_Wood_Oak_N.uasset" 623
"../../../../../../Users/Matsufubu/Documents/Unreal Projects/SideTest/Content/StarterContent/Materials/M_Wood_Oak.uasset" 624
"../../../../../../Users/Matsufubu/Documents/Unreal Projects/SideTest/Content/StarterContent/Textures/T_Wood_Pine_D.uasset" 625
"../../../../../../Users/Matsufubu/Documents/Unreal Projects/SideTest/Content/StarterContent/Textures/T_Wood_Pine_N.uasset" 626
"../../../../../../Users/Matsufubu/Documents/Unreal Projects/SideTest/Content/StarterContent/Materials/M_Wood_Pine.uasset" 627
"../../../../../../Users/Matsufubu/Documents/Unreal Projects/SideTest/Content/StarterContent/Textures/T_Wood_Walnut_D.uasset" 628
"../../../../../../Users/Matsufubu/Documents/Unreal Projects/SideTest/Content/StarterContent/Textures/T_Wood_Walnut_N.uasset" 629
"../../../../../../Users/Matsufubu/Documents/Unreal Projects/SideTest/Content/StarterContent/Materials/M_Wood_Walnut.uasset" 630
"../../../../../../Users/Matsufubu/Documents/Unreal Projects/SideTest/Content/StarterContent/Architecture/Wall_400x200.uasset" 631
"../../../../../../Users/Matsufubu/Documents/Unreal Projects/SideTest/Content/StarterContent/Architecture/Wall_Door_400x300.uasset" 632
"../../../../../../Users/Matsufubu/Documents/Unreal Projects/SideTest/Content/StarterContent/Architecture/Wall_Window_400x300.uasset" 633
"../../../../../../Users/Matsufubu/Documents/Unreal Projects/SideTest/Content/StarterContent/Audio/Collapse_Cue.uasset" 634
"../../../../../../Users/Matsufubu/Documents/Unreal Projects/SideTest/Content/StarterContent/Audio/Starter_Music_Cue.uasset" 635
"../../../../../../Users/Matsufubu/Documents/Unreal Projects/SideTest/Content/StarterContent/Textures/T_Dust_Particle_D.uasset" 636
"../../../../../../Users/Matsufubu/Documents/Unreal Projects/SideTest/Content/StarterContent/Particles/Materials/M_Dust_Particle.uasset" 637
"../../../../../../Users/Matsufubu/Documents/Unreal Projects/SideTest/Content/StarterContent/Particles/P_Ambient_Dust.uasset" 638
"../../../../../../Users/Matsufubu/Documents/Unreal Projects/SideTest/Content/StarterContent/Props/MaterialSphere.uasset" 639
"../../../../../../Users/Matsufubu/Documents/Unreal Projects/SideTest/Content/StarterContent/Textures/T_Frame_M.uasset" 640
"../../../../../../Users/Matsufubu/Documents/Unreal Projects/SideTest/Content/StarterContent/Textures/T_Frame_N.uasset" 641
"../../../../../../Users/Matsufubu/Documents/Unreal Projects/SideTest/Content/StarterContent/Props/Materials/M_Frame.uasset" 642
"../../../../../../Users/Matsufubu/Documents/Unreal Projects/SideTest/Content/StarterContent/Props/SM_CornerFrame.uasset" 643
"../../../../../../Users/Matsufubu/Documents/Unreal Projects/SideTest/Content/StarterContent/Props/SM_DoorFrame.uasset" 644
"../../../../../../Users/Matsufubu/Documents/Unreal Projects/SideTest/Content/StarterContent/Props/SM_GlassWindow.uasset" 645
"../../../../../../Users/Matsufubu/Documents/Unreal Projects/SideTest/Content/StarterContent/Props/SM_PillarFrame.uasset" 646
"../../../../../../Users/Matsufubu/Documents/Unreal Projects/SideTest/Content/StarterContent/Props/SM_PillarFrame300.uasset" 647
"../../../../../../Users/Matsufubu/Documents/Unreal Projects/SideTest/Content/StarterContent/Props/SM_WindowFrame.uasset" 648
"../../../../../../Users/Matsufubu/Documents/Unreal Projects/SideTest/Content/StarterContent/Shapes/Shape_Cube.uasset" 649
"../../../../../../Users/Matsufubu/Documents/Unreal Projects/SideTest/Content/StarterContent/Shapes/Shape_QuadPyramid.uasset" 650
"../../../../../../Users/Matsufubu/Documents/Unreal Projects/SideTest/Content/StarterContent/Shapes/Shape_Sphere.uasset" 651
"../../../../../../Users/Matsufubu/Documents/Unreal Projects/SideTest/Content/StarterContent/Maps/StarterMap.umap" 652
"../../../../../../Users/Matsufubu/Documents/Unreal Projects/SideTest/Content/Stuffff/Maps/Level01.umap" 653
"../../../../../../Users/Matsufubu/Documents/Unreal Projects/SideTest/Content/Stuffff/Maps/LevelBIRD_BuiltData.uasset" 654
"../../../Engine/Content/MapTemplates/SM_Template_Map_Floor.uasset" 655
"../../../../../../Users/Matsufubu/Documents/Unreal Projects/SideTest/Content/Stuffff/Maps/LevelBIRD.umap" 656
"../../../../../../Users/Matsufubu/Documents/Unreal Projects/SideTest/Content/Stuffff/Maps/Level_00_BuiltData.uasset" 657
"../../../../../../Users/Matsufubu/Documents/Unreal Projects/SideTest/Content/Stuffff/Maps/Level_00.umap" 658
"../../../Engine/Content/Maps/Entry_BuiltData.uasset" 659
"../../../Engine/Content/Maps/Entry.umap" 660
